<?xml version="1.0" encoding="UTF-8"?>
<!-- Generated by org.testng.reporters.JUnitReportReporter -->
<testsuite hostname="NadiruzamansMBP.fios-router.home" name="cartPage.CartPageTest" tests="1" failures="0" timestamp="13 Sep 2019 15:48:04 GMT" time="7.306" errors="0">
  <testcase name="verifyBlouseAddCartwithQuantity" time="7.306" classname="cartPage.CartPageTest"/>
</testsuite> <!-- cartPage.CartPageTest -->
